yarn run v1.21.1
$ grunt clean:all && grunt start
[4mRunning "clean:all" (clean) task[24m
Cleaning "dist/docker"...[32mOK[39m
Cleaning "dist/extensions.json"...[32mOK[39m
Cleaning "dist/portainer"...[32mOK[39m
Cleaning "dist/public"...[32mOK[39m
Cleaning "dist/templates.json"...[32mOK[39m

[32mDone, without errors.[39m
[4mRunning "shell:build_binary:linux:amd64" (shell) task[24m

[4mRunning "shell:download_docker_binary:linux:amd64" (shell) task[24m
mkdir: Verzeichnis '.tmp/download' angelegt

[4mRunning "copy:assets" (copy) task[24m
Copied [36m2[39m files

[4mRunning "shell:run_container" (shell) task[24m
144c1616db9596a1d97ceae7b2e6452f3083af5b90ef35a6b49dc03b10078e8f

[4mRunning "config:dev" (config) task[24m
[32m>> [39mConfigure 1 variable for current target.

[4mRunning "env:dev" (env) task[24m

[4mRunning "webpack:devWatch" (webpack) task[24m
[2J[3J[H[2J[3J[H[2J[3J[H[2J[3J[H[2J[3J[H[2J[3J[H[2J[3J[H[2J[3J[H[2J[3J[H[2J[3J[H[2J[3J[H[2J[3J[H[2J[3J[H[2J[3J[H[2J[3J[H[2J[3J[H[2J[3J[H[2J[3J[H[2J[3J[HHash: [1m52c994dae003e77927c5[39m[22m
Version: webpack [1m4.26.0[39m[22m / grunt-webpack [1m3.1.3[39m[22m
Time: [1m15582[39m[22mms
Built at: 30.12.2019 [1m15:31:22[39m[22m
                                 [1mAsset[39m[22m        [1mSize[39m[22m  [1mChunks[39m[22m  [1m[39m[22m           [1m[39m[22m[1mChunk Names[39m[22m
  [1m[32m06147b6cd88c7346cecd1edd060cd5de.ttf[39m[22m     128 KiB        [1m[39m[22m  [1m[32m[emitted][39m[22m  
  [1m[32m0bff33a5fd7ec390235476b4859747a0.ttf[39m[22m     188 KiB        [1m[39m[22m  [1m[32m[emitted][39m[22m  
  [1m[32m2c7e065a198ee1adf17b0826054268d2.svg[39m[22m    86.1 KiB        [1m[39m[22m  [1m[32m[emitted][39m[22m  
 [1m[32m333bae208dc363746961b234ff6c2500.woff[39m[22m    96.1 KiB        [1m[39m[22m  [1m[32m[emitted][39m[22m  
[1m[32m448c34a56d699c29117adc64c43affeb.woff2[39m[22m    17.6 KiB        [1m[39m[22m  [1m[32m[emitted][39m[22m  
[1m[32m44d537ab79f921fde5a28b2c1636f397.woff2[39m[22m      74 KiB        [1m[39m[22m  [1m[32m[emitted][39m[22m  
  [1m[32m47c46dd23b6cf562871742595d5a08b1.eot[39m[22m    20.9 KiB        [1m[39m[22m  [1m[32m[emitted][39m[22m  
  [1m[32m4806ce9049e1e082dd3da4063ceb0eea.xml[39m[22m   249 bytes        [1m[39m[22m  [1m[32m[emitted][39m[22m  
  [1m[32m5063b105c7646c8043d58c5289f02cca.eot[39m[22m     128 KiB        [1m[39m[22m  [1m[32m[emitted][39m[22m  
  [1m[32m5ba13dcb526292ae707310a54e103cd1.png[39m[22m   358 bytes        [1m[39m[22m  [1m[32m[emitted][39m[22m  
  [1m[32m5c13e698094a583a62660c50cbc92876.png[39m[22m    4.62 KiB        [1m[39m[22m  [1m[32m[emitted][39m[22m  
  [1m[32m5da83cfb4883a59354abeff852cb7394.png[39m[22m    10.8 KiB        [1m[39m[22m  [1m[32m[emitted][39m[22m  
  [1m[32m79218d7b8fd694613ef5dd96439a6151.png[39m[22m      58 KiB        [1m[39m[22m  [1m[32m[emitted][39m[22m  
  [1m[32m87402c215e3c81136006af1846c723a7.ico[39m[22m    14.7 KiB        [1m[39m[22m  [1m[32m[emitted][39m[22m  
  [1m[32m89889688147bd7575d6327160d64e760.svg[39m[22m     106 KiB        [1m[39m[22m  [1m[32m[emitted][39m[22m  
  [1m[32m8e4a6dcc692b3887f9f542cd6894d6d4.eot[39m[22m     188 KiB        [1m[39m[22m  [1m[32m[emitted][39m[22m  
  [1m[32m93824e5b4b160e0891e3345c019e3346.svg[39m[22m    3.84 KiB        [1m[39m[22m  [1m[32m[emitted][39m[22m  
  [1m[32ma9c4bb7348f42626454c988dbde1d0a0.svg[39m[22m     684 KiB        [1m[39m[22m  [1m[32m[emitted][39m[22m  
  [1m[32mbf9981548a3912f87bca05f98e904aa9.png[39m[22m    1.07 KiB        [1m[39m[22m  [1m[32m[emitted][39m[22m  
  [1m[32mc2801fb415f03c7b170934769d7b5397.svg[39m[22m     823 KiB        [1m[39m[22m  [1m[32m[emitted][39m[22m  
  [1m[32mc334b4515c091aab2ed9eaa0e682a630.png[39m[22m    5.62 KiB        [1m[39m[22m  [1m[32m[emitted][39m[22m  
 [1m[32mc5e0f14f88a828261ba01558ce2bf26f.woff[39m[22m    86.4 KiB        [1m[39m[22m  [1m[32m[emitted][39m[22m  
[1m[32mcccc9d29470e879e40eb70249d9a2705.woff2[39m[22m    73.6 KiB        [1m[39m[22m  [1m[32m[emitted][39m[22m  
 [1m[32mcdcc009d7bcb7aa4005900488ee1cff1.woff[39m[22m    24.1 KiB        [1m[39m[22m  [1m[32m[emitted][39m[22m  
  [1m[32mda0361e079086636ea428266cdb8c22e.png[39m[22m    1.05 KiB        [1m[39m[22m  [1m[32m[emitted][39m[22m  
  [1m[32mdc4d092847be46242d8c013d1bc7c494.png[39m[22m  1010 bytes        [1m[39m[22m  [1m[32m[emitted][39m[22m  
  [1m[32me18bbf611f2a2e43afc071aa2f4e1512.ttf[39m[22m    44.3 KiB        [1m[39m[22m  [1m[32m[emitted][39m[22m  
  [1m[32meeee3305afea0566329dc6dcb63db360.png[39m[22m    1.73 KiB        [1m[39m[22m  [1m[32m[emitted][39m[22m  
  [1m[32mf0a03e151fb4eec3a5e655fae9886ac5.ttf[39m[22m    42.7 KiB        [1m[39m[22m  [1m[32m[emitted][39m[22m  
  [1m[32mf4769f9bdb7466be65088239c12046d1.eot[39m[22m    19.7 KiB        [1m[39m[22m  [1m[32m[emitted][39m[22m  
  [1m[32mf9508a64a1beb81be174e194573f7450.png[39m[22m   215 bytes        [1m[39m[22m  [1m[32m[emitted][39m[22m  
 [1m[32mfa2772327f55d8198301fdb8bcfc8158.woff[39m[22m    22.9 KiB        [1m[39m[22m  [1m[32m[emitted][39m[22m  
                            [1m[32mindex.html[39m[22m    3.02 KiB        [1m[39m[22m  [1m[32m[emitted][39m[22m  
         [1m[32mmain.52c994dae003e77927c5.css[39m[22m    22.8 KiB    [1mmain[39m[22m  [1m[32m[emitted][39m[22m  main
          [1m[32mmain.52c994dae003e77927c5.js[39m[22m     2.8 MiB    [1mmain[39m[22m  [1m[32m[emitted][39m[22m  main
        [1m[32mvendor.52c994dae003e77927c5.js[39m[22m    6.19 MiB  [1mvendor[39m[22m  [1m[32m[emitted][39m[22m  vendor
                     [1m[32mvendor.vendor.css[39m[22m     268 KiB  [1mvendor[39m[22m  [1m[32m[emitted][39m[22m  vendor
Entrypoint [1mmain[39m[22m = [1m[32mvendor.vendor.css[39m[22m [1m[32mvendor.52c994dae003e77927c5.js[39m[22m [1m[32mmain.52c994dae003e77927c5.css[39m[22m [1m[32mmain.52c994dae003e77927c5.js[39m[22m
[./app sync recursive ^(.*\.(js$))[^.]*$/i] [1m./app sync ^(.*\.(js$))[^.]*$/i[39m[22m 29 KiB {[1m[33mmain[39m[22m}[1m[32m [built][39m[22m
[[1m./app/__module.js[39m[22m] 843 bytes {[1m[33mmain[39m[22m}[1m[32m [built][39m[22m
[[1m./app/agent/_module.js[39m[22m] 38 bytes {[1m[33mmain[39m[22m}[1m[32m [built][39m[22m
[[1m./app/agent/components/file-uploader/file-uploader-controller.js[39m[22m] 468 bytes {[1m[33mmain[39m[22m}[1m[33m [optional][39m[22m[1m[32m [built][39m[22m
[[1m./app/agent/components/file-uploader/file-uploader.js[39m[22m] 273 bytes {[1m[33mmain[39m[22m}[1m[33m [optional][39m[22m[1m[32m [built][39m[22m
[[1m./app/agent/components/files-datatable/files-datatable.js[39m[22m] 532 bytes {[1m[33mmain[39m[22m}[1m[33m [optional][39m[22m[1m[32m [built][39m[22m
[[1m./app/agent/components/host-browser/host-browser-controller.js[39m[22m] 3.96 KiB {[1m[33mmain[39m[22m}[1m[33m [optional][39m[22m[1m[32m [built][39m[22m
[[1m./app/agent/components/host-browser/host-browser.js[39m[22m] 233 bytes {[1m[33mmain[39m[22m}[1m[33m [optional][39m[22m[1m[32m [built][39m[22m
[[1m./app/agent/components/node-selector/node-selector.js[39m[22m] 253 bytes {[1m[33mmain[39m[22m}[1m[33m [optional][39m[22m[1m[32m [built][39m[22m
[[1m./app/agent/components/node-selector/nodeSelectorController.js[39m[22m] 472 bytes {[1m[33mmain[39m[22m}[1m[33m [optional][39m[22m[1m[32m [built][39m[22m
[[1m./app/azure/_module.js[39m[22m] 1.45 KiB {[1m[33mmain[39m[22m}[1m[32m [built][39m[22m
[[1m./app/docker/__module.js[39m[22m] 15 KiB {[1m[33mmain[39m[22m}[1m[32m [built][39m[22m
[[1m./app/portainer/__module.js[39m[22m] 21.5 KiB {[1m[33mmain[39m[22m}[1m[32m [built][39m[22m
[[1m./assets/css/app.css[39m[22m] 39 bytes {[1m[33mmain[39m[22m}[1m[32m [built][39m[22m
[[1m./node_modules/angular/index.js[39m[22m] 48 bytes {[1m[33mvendor[39m[22m}[1m[32m [built][39m[22m
    + 1509 hidden modules
Child [1mhtml-webpack-plugin for "index.html"[39m[22m:
                                   [1mAsset[39m[22m        [1mSize[39m[22m  [1mChunks[39m[22m  [1m[39m[22m           [1m[39m[22m[1mChunk Names[39m[22m
    [1m[32m4806ce9049e1e082dd3da4063ceb0eea.xml[39m[22m   249 bytes        [1m[39m[22m  [1m[32m[emitted][39m[22m  
    [1m[32m5ba13dcb526292ae707310a54e103cd1.png[39m[22m   358 bytes        [1m[39m[22m  [1m[32m[emitted][39m[22m  
    [1m[32m87402c215e3c81136006af1846c723a7.ico[39m[22m    14.7 KiB        [1m[39m[22m  [1m[32m[emitted][39m[22m  
    [1m[32m93824e5b4b160e0891e3345c019e3346.svg[39m[22m    3.84 KiB        [1m[39m[22m  [1m[32m[emitted][39m[22m  
    [1m[32mdc4d092847be46242d8c013d1bc7c494.png[39m[22m  1010 bytes        [1m[39m[22m  [1m[32m[emitted][39m[22m  
    [1m[32mf9508a64a1beb81be174e194573f7450.png[39m[22m   215 bytes        [1m[39m[22m  [1m[32m[emitted][39m[22m  
     + 2 hidden assets
    Entrypoint [1mundefined[39m[22m = [1m[32mindex.html[39m[22m
    [[1m./assets/ico/apple-touch-icon.png[39m[22m] 82 bytes {[1m[33m0[39m[22m}[1m[32m [built][39m[22m
    [[1m./assets/ico/browserconfig.xml[39m[22m] 82 bytes {[1m[33m0[39m[22m}[1m[32m [built][39m[22m
    [[1m./assets/ico/favicon-16x16.png[39m[22m] 82 bytes {[1m[33m0[39m[22m}[1m[32m [built][39m[22m
    [[1m./assets/ico/favicon-32x32.png[39m[22m] 82 bytes {[1m[33m0[39m[22m}[1m[32m [built][39m[22m
    [[1m./assets/ico/favicon.ico[39m[22m] 82 bytes {[1m[33m0[39m[22m}[1m[32m [built][39m[22m
    [[1m./assets/ico/safari-pinned-tab.svg[39m[22m] 82 bytes {[1m[33m0[39m[22m}[1m[32m [built][39m[22m
    [[1m./assets/images/logo_alt.png[39m[22m] 82 bytes {[1m[33m0[39m[22m}[1m[32m [built][39m[22m
    [[1m./node_modules/html-webpack-plugin/lib/loader.js!./app/index.html[39m[22m] 3.44 KiB {[1m[33m0[39m[22m}[1m[32m [built][39m[22m
    [[1m./node_modules/html-webpack-plugin/node_modules/lodash/lodash.js[39m[22m] 527 KiB {[1m[33m0[39m[22m}[1m[32m [built][39m[22m
    [./node_modules/webpack/buildin/global.js] [1m(webpack)/buildin/global.js[39m[22m 489 bytes {[1m[33m0[39m[22m}[1m[32m [built][39m[22m
    [./node_modules/webpack/buildin/module.js] [1m(webpack)/buildin/module.js[39m[22m 497 bytes {[1m[33m0[39m[22m}[1m[32m [built][39m[22m
Child [1mmini-css-extract-plugin node_modules/css-loader/index.js??ref--7-1!node_modules/postcss-loader/src/index.js!app/portainer/components/datatables/datatable.css[39m[22m:
    Entrypoint [1mmini-css-extract-plugin[39m[22m = [1m[32m*[39m[22m
    [./node_modules/css-loader/index.js?!./node_modules/postcss-loader/src/index.js!./app/portainer/components/datatables/datatable.css] [1m./node_modules/css-loader??ref--7-1!./node_modules/postcss-loader/src!./app/portainer/components/datatables/datatable.css[39m[22m 4.87 KiB {[1m[33mmini-css-extract-plugin[39m[22m}[1m[32m [built][39m[22m
    [[1m./node_modules/css-loader/lib/css-base.js[39m[22m] 2.21 KiB {[1m[33mmini-css-extract-plugin[39m[22m}[1m[32m [built][39m[22m
Child [1mmini-css-extract-plugin node_modules/css-loader/index.js??ref--7-1!node_modules/postcss-loader/src/index.js!assets/css/app.css[39m[22m:
    Entrypoint [1mmini-css-extract-plugin[39m[22m = [1m[32m*[39m[22m
    [./node_modules/css-loader/index.js?!./node_modules/postcss-loader/src/index.js!./assets/css/app.css] [1m./node_modules/css-loader??ref--7-1!./node_modules/postcss-loader/src!./assets/css/app.css[39m[22m 19.5 KiB {[1m[33mmini-css-extract-plugin[39m[22m}[1m[32m [built][39m[22m
    [[1m./node_modules/css-loader/lib/css-base.js[39m[22m] 2.21 KiB {[1m[33mmini-css-extract-plugin[39m[22m}[1m[32m [built][39m[22m
Child [1mmini-css-extract-plugin node_modules/css-loader/index.js??ref--7-1!node_modules/postcss-loader/src/index.js!node_modules/@fortawesome/fontawesome-free/css/brands.css[39m[22m:
    Entrypoint [1mmini-css-extract-plugin[39m[22m = [1m[32m*[39m[22m
    [[1m./node_modules/@fortawesome/fontawesome-free/webfonts/fa-brands-400.eot[39m[22m] 82 bytes {[1m[33mmini-css-extract-plugin[39m[22m}[1m[32m [built][39m[22m
    [[1m./node_modules/@fortawesome/fontawesome-free/webfonts/fa-brands-400.svg[39m[22m] 82 bytes {[1m[33mmini-css-extract-plugin[39m[22m}[1m[32m [built][39m[22m
    [[1m./node_modules/@fortawesome/fontawesome-free/webfonts/fa-brands-400.ttf[39m[22m] 82 bytes {[1m[33mmini-css-extract-plugin[39m[22m}[1m[32m [built][39m[22m
    [[1m./node_modules/@fortawesome/fontawesome-free/webfonts/fa-brands-400.woff[39m[22m] 83 bytes {[1m[33mmini-css-extract-plugin[39m[22m}[1m[32m [built][39m[22m
    [[1m./node_modules/@fortawesome/fontawesome-free/webfonts/fa-brands-400.woff2[39m[22m] 84 bytes {[1m[33mmini-css-extract-plugin[39m[22m}[1m[32m [built][39m[22m
    [./node_modules/css-loader/index.js?!./node_modules/postcss-loader/src/index.js!./node_modules/@fortawesome/fontawesome-free/css/brands.css] [1m./node_modules/css-loader??ref--7-1!./node_modules/postcss-loader/src!./node_modules/@fortawesome/fontawesome-free/css/brands.css[39m[22m 1.08 KiB {[1m[33mmini-css-extract-plugin[39m[22m}[1m[32m [built][39m[22m
    [[1m./node_modules/css-loader/lib/css-base.js[39m[22m] 2.21 KiB {[1m[33mmini-css-extract-plugin[39m[22m}[1m[32m [built][39m[22m
    [[1m./node_modules/css-loader/lib/url/escape.js[39m[22m] 448 bytes {[1m[33mmini-css-extract-plugin[39m[22m}[1m[32m [built][39m[22m
Child [1mmini-css-extract-plugin node_modules/css-loader/index.js??ref--7-1!node_modules/postcss-loader/src/index.js!node_modules/@fortawesome/fontawesome-free/css/fontawesome.css[39m[22m:
    Entrypoint [1mmini-css-extract-plugin[39m[22m = [1m[32m*[39m[22m
    [./node_modules/css-loader/index.js?!./node_modules/postcss-loader/src/index.js!./node_modules/@fortawesome/fontawesome-free/css/fontawesome.css] [1m./node_modules/css-loader??ref--7-1!./node_modules/postcss-loader/src!./node_modules/@fortawesome/fontawesome-free/css/fontawesome.css[39m[22m 75.8 KiB {[1m[33mmini-css-extract-plugin[39m[22m}[1m[32m [built][39m[22m
    [[1m./node_modules/css-loader/lib/css-base.js[39m[22m] 2.21 KiB {[1m[33mmini-css-extract-plugin[39m[22m}[1m[32m [built][39m[22m
Child [1mmini-css-extract-plugin node_modules/css-loader/index.js??ref--7-1!node_modules/postcss-loader/src/index.js!node_modules/@fortawesome/fontawesome-free/css/solid.css[39m[22m:
    Entrypoint [1mmini-css-extract-plugin[39m[22m = [1m[32m*[39m[22m
    [[1m./node_modules/@fortawesome/fontawesome-free/webfonts/fa-solid-900.eot[39m[22m] 82 bytes {[1m[33mmini-css-extract-plugin[39m[22m}[1m[32m [built][39m[22m
    [[1m./node_modules/@fortawesome/fontawesome-free/webfonts/fa-solid-900.svg[39m[22m] 82 bytes {[1m[33mmini-css-extract-plugin[39m[22m}[1m[32m [built][39m[22m
    [[1m./node_modules/@fortawesome/fontawesome-free/webfonts/fa-solid-900.ttf[39m[22m] 82 bytes {[1m[33mmini-css-extract-plugin[39m[22m}[1m[32m [built][39m[22m
    [[1m./node_modules/@fortawesome/fontawesome-free/webfonts/fa-solid-900.woff[39m[22m] 83 bytes {[1m[33mmini-css-extract-plugin[39m[22m}[1m[32m [built][39m[22m
    [[1m./node_modules/@fortawesome/fontawesome-free/webfonts/fa-solid-900.woff2[39m[22m] 84 bytes {[1m[33mmini-css-extract-plugin[39m[22m}[1m[32m [built][39m[22m
    [./node_modules/css-loader/index.js?!./node_modules/postcss-loader/src/index.js!./node_modules/@fortawesome/fontawesome-free/css/solid.css] [1m./node_modules/css-loader??ref--7-1!./node_modules/postcss-loader/src!./node_modules/@fortawesome/fontawesome-free/css/solid.css[39m[22m 1.09 KiB {[1m[33mmini-css-extract-plugin[39m[22m}[1m[32m [built][39m[22m
    [[1m./node_modules/css-loader/lib/css-base.js[39m[22m] 2.21 KiB {[1m[33mmini-css-extract-plugin[39m[22m}[1m[32m [built][39m[22m
    [[1m./node_modules/css-loader/lib/url/escape.js[39m[22m] 448 bytes {[1m[33mmini-css-extract-plugin[39m[22m}[1m[32m [built][39m[22m
Child [1mmini-css-extract-plugin node_modules/css-loader/index.js??ref--7-1!node_modules/postcss-loader/src/index.js!node_modules/angular-json-tree/dist/angular-json-tree.css[39m[22m:
    Entrypoint [1mmini-css-extract-plugin[39m[22m = [1m[32m*[39m[22m
    [./node_modules/css-loader/index.js?!./node_modules/postcss-loader/src/index.js!./node_modules/angular-json-tree/dist/angular-json-tree.css] [1m./node_modules/css-loader??ref--7-1!./node_modules/postcss-loader/src!./node_modules/angular-json-tree/dist/angular-json-tree.css[39m[22m 1.6 KiB {[1m[33mmini-css-extract-plugin[39m[22m}[1m[32m [built][39m[22m
    [[1m./node_modules/css-loader/lib/css-base.js[39m[22m] 2.21 KiB {[1m[33mmini-css-extract-plugin[39m[22m}[1m[32m [built][39m[22m
Child [1mmini-css-extract-plugin node_modules/css-loader/index.js??ref--7-1!node_modules/postcss-loader/src/index.js!node_modules/angular-loading-bar/build/loading-bar.css[39m[22m:
    Entrypoint [1mmini-css-extract-plugin[39m[22m = [1m[32m*[39m[22m
    [./node_modules/css-loader/index.js?!./node_modules/postcss-loader/src/index.js!./node_modules/angular-loading-bar/build/loading-bar.css] [1m./node_modules/css-loader??ref--7-1!./node_modules/postcss-loader/src!./node_modules/angular-loading-bar/build/loading-bar.css[39m[22m 2.16 KiB {[1m[33mmini-css-extract-plugin[39m[22m}[1m[32m [built][39m[22m
    [[1m./node_modules/css-loader/lib/css-base.js[39m[22m] 2.21 KiB {[1m[33mmini-css-extract-plugin[39m[22m}[1m[32m [built][39m[22m
Child [1mmini-css-extract-plugin node_modules/css-loader/index.js??ref--7-1!node_modules/postcss-loader/src/index.js!node_modules/angular-moment-picker/dist/angular-moment-picker.min.css[39m[22m:
    Entrypoint [1mmini-css-extract-plugin[39m[22m = [1m[32m*[39m[22m
    [./node_modules/css-loader/index.js?!./node_modules/postcss-loader/src/index.js!./node_modules/angular-moment-picker/dist/angular-moment-picker.min.css] [1m./node_modules/css-loader??ref--7-1!./node_modules/postcss-loader/src!./node_modules/angular-moment-picker/dist/angular-moment-picker.min.css[39m[22m 3.49 KiB {[1m[33mmini-css-extract-plugin[39m[22m}[1m[32m [built][39m[22m
    [[1m./node_modules/css-loader/lib/css-base.js[39m[22m] 2.21 KiB {[1m[33mmini-css-extract-plugin[39m[22m}[1m[32m [built][39m[22m
Child [1mmini-css-extract-plugin node_modules/css-loader/index.js??ref--7-1!node_modules/postcss-loader/src/index.js!node_modules/angular-multiselect/isteven-multi-select.css[39m[22m:
    Entrypoint [1mmini-css-extract-plugin[39m[22m = [1m[32m*[39m[22m
    [./node_modules/css-loader/index.js?!./node_modules/postcss-loader/src/index.js!./node_modules/angular-multiselect/isteven-multi-select.css] [1m./node_modules/css-loader??ref--7-1!./node_modules/postcss-loader/src!./node_modules/angular-multiselect/isteven-multi-select.css[39m[22m 8.25 KiB {[1m[33mmini-css-extract-plugin[39m[22m}[1m[32m [built][39m[22m
    [[1m./node_modules/css-loader/lib/css-base.js[39m[22m] 2.21 KiB {[1m[33mmini-css-extract-plugin[39m[22m}[1m[32m [built][39m[22m
Child [1mmini-css-extract-plugin node_modules/css-loader/index.js??ref--7-1!node_modules/postcss-loader/src/index.js!node_modules/angularjs-slider/dist/rzslider.css[39m[22m:
    Entrypoint [1mmini-css-extract-plugin[39m[22m = [1m[32m*[39m[22m
    [./node_modules/css-loader/index.js?!./node_modules/postcss-loader/src/index.js!./node_modules/angularjs-slider/dist/rzslider.css] [1m./node_modules/css-loader??ref--7-1!./node_modules/postcss-loader/src!./node_modules/angularjs-slider/dist/rzslider.css[39m[22m 4.99 KiB {[1m[33mmini-css-extract-plugin[39m[22m}[1m[32m [built][39m[22m
    [[1m./node_modules/css-loader/lib/css-base.js[39m[22m] 2.21 KiB {[1m[33mmini-css-extract-plugin[39m[22m}[1m[32m [built][39m[22m
Child [1mmini-css-extract-plugin node_modules/css-loader/index.js??ref--7-1!node_modules/postcss-loader/src/index.js!node_modules/bootstrap/dist/css/bootstrap.css[39m[22m:
    Entrypoint [1mmini-css-extract-plugin[39m[22m = [1m[32m*[39m[22m
    [[1m./node_modules/bootstrap/dist/fonts/glyphicons-halflings-regular.eot[39m[22m] 82 bytes {[1m[33mmini-css-extract-plugin[39m[22m}[1m[32m [built][39m[22m
    [[1m./node_modules/bootstrap/dist/fonts/glyphicons-halflings-regular.svg[39m[22m] 82 bytes {[1m[33mmini-css-extract-plugin[39m[22m}[1m[32m [built][39m[22m
    [[1m./node_modules/bootstrap/dist/fonts/glyphicons-halflings-regular.ttf[39m[22m] 82 bytes {[1m[33mmini-css-extract-plugin[39m[22m}[1m[32m [built][39m[22m
    [[1m./node_modules/bootstrap/dist/fonts/glyphicons-halflings-regular.woff[39m[22m] 83 bytes {[1m[33mmini-css-extract-plugin[39m[22m}[1m[32m [built][39m[22m
    [[1m./node_modules/bootstrap/dist/fonts/glyphicons-halflings-regular.woff2[39m[22m] 84 bytes {[1m[33mmini-css-extract-plugin[39m[22m}[1m[32m [built][39m[22m
    [./node_modules/css-loader/index.js?!./node_modules/postcss-loader/src/index.js!./node_modules/bootstrap/dist/css/bootstrap.css] [1m./node_modules/css-loader??ref--7-1!./node_modules/postcss-loader/src!./node_modules/bootstrap/dist/css/bootstrap.css[39m[22m 147 KiB {[1m[33mmini-css-extract-plugin[39m[22m}[1m[32m [built][39m[22m
    [[1m./node_modules/css-loader/lib/css-base.js[39m[22m] 2.21 KiB {[1m[33mmini-css-extract-plugin[39m[22m}[1m[32m [built][39m[22m
    [[1m./node_modules/css-loader/lib/url/escape.js[39m[22m] 448 bytes {[1m[33mmini-css-extract-plugin[39m[22m}[1m[32m [built][39m[22m
Child [1mmini-css-extract-plugin node_modules/css-loader/index.js??ref--7-1!node_modules/postcss-loader/src/index.js!node_modules/codemirror/addon/lint/lint.css[39m[22m:
    Entrypoint [1mmini-css-extract-plugin[39m[22m = [1m[32m*[39m[22m
    [./node_modules/css-loader/index.js?!./node_modules/postcss-loader/src/index.js!./node_modules/codemirror/addon/lint/lint.css] [1m./node_modules/css-loader??ref--7-1!./node_modules/postcss-loader/src!./node_modules/codemirror/addon/lint/lint.css[39m[22m 3.16 KiB {[1m[33mmini-css-extract-plugin[39m[22m}[1m[32m [built][39m[22m
    [[1m./node_modules/css-loader/lib/css-base.js[39m[22m] 2.21 KiB {[1m[33mmini-css-extract-plugin[39m[22m}[1m[32m [built][39m[22m
Child [1mmini-css-extract-plugin node_modules/css-loader/index.js??ref--7-1!node_modules/postcss-loader/src/index.js!node_modules/codemirror/lib/codemirror.css[39m[22m:
    Entrypoint [1mmini-css-extract-plugin[39m[22m = [1m[32m*[39m[22m
    [./node_modules/css-loader/index.js?!./node_modules/postcss-loader/src/index.js!./node_modules/codemirror/lib/codemirror.css] [1m./node_modules/css-loader??ref--7-1!./node_modules/postcss-loader/src!./node_modules/codemirror/lib/codemirror.css[39m[22m 8.6 KiB {[1m[33mmini-css-extract-plugin[39m[22m}[1m[32m [built][39m[22m
    [[1m./node_modules/css-loader/lib/css-base.js[39m[22m] 2.21 KiB {[1m[33mmini-css-extract-plugin[39m[22m}[1m[32m [built][39m[22m
Child [1mmini-css-extract-plugin node_modules/css-loader/index.js??ref--7-1!node_modules/postcss-loader/src/index.js!node_modules/rdash-ui/dist/css/rdash.css[39m[22m:
    Entrypoint [1mmini-css-extract-plugin[39m[22m = [1m[32m*[39m[22m
    [./node_modules/css-loader/index.js?!./node_modules/postcss-loader/src/index.js!./node_modules/rdash-ui/dist/css/rdash.css] [1m./node_modules/css-loader??ref--7-1!./node_modules/postcss-loader/src!./node_modules/rdash-ui/dist/css/rdash.css[39m[22m 10.7 KiB {[1m[33mmini-css-extract-plugin[39m[22m}[1m[32m [built][39m[22m
    [[1m./node_modules/css-loader/lib/css-base.js[39m[22m] 2.21 KiB {[1m[33mmini-css-extract-plugin[39m[22m}[1m[32m [built][39m[22m
    [[1m./node_modules/css-loader/lib/url/escape.js[39m[22m] 448 bytes {[1m[33mmini-css-extract-plugin[39m[22m}[1m[32m [built][39m[22m
    [[1m./node_modules/rdash-ui/dist/fonts/montserrat-regular-webfont.eot[39m[22m] 82 bytes {[1m[33mmini-css-extract-plugin[39m[22m}[1m[32m [built][39m[22m
    [[1m./node_modules/rdash-ui/dist/fonts/montserrat-regular-webfont.svg[39m[22m] 82 bytes {[1m[33mmini-css-extract-plugin[39m[22m}[1m[32m [built][39m[22m
    [[1m./node_modules/rdash-ui/dist/fonts/montserrat-regular-webfont.ttf[39m[22m] 82 bytes {[1m[33mmini-css-extract-plugin[39m[22m}[1m[32m [built][39m[22m
    [[1m./node_modules/rdash-ui/dist/fonts/montserrat-regular-webfont.woff[39m[22m] 83 bytes {[1m[33mmini-css-extract-plugin[39m[22m}[1m[32m [built][39m[22m
Child [1mmini-css-extract-plugin node_modules/css-loader/index.js??ref--7-1!node_modules/postcss-loader/src/index.js!node_modules/toastr/build/toastr.css[39m[22m:
    Entrypoint [1mmini-css-extract-plugin[39m[22m = [1m[32m*[39m[22m
    [./node_modules/css-loader/index.js?!./node_modules/postcss-loader/src/index.js!./node_modules/toastr/build/toastr.css] [1m./node_modules/css-loader??ref--7-1!./node_modules/postcss-loader/src!./node_modules/toastr/build/toastr.css[39m[22m 7.59 KiB {[1m[33mmini-css-extract-plugin[39m[22m}[1m[32m [built][39m[22m
    [[1m./node_modules/css-loader/lib/css-base.js[39m[22m] 2.21 KiB {[1m[33mmini-css-extract-plugin[39m[22m}[1m[32m [built][39m[22m
Child [1mmini-css-extract-plugin node_modules/css-loader/index.js??ref--7-1!node_modules/postcss-loader/src/index.js!node_modules/ui-select/dist/select.css[39m[22m:
    Entrypoint [1mmini-css-extract-plugin[39m[22m = [1m[32m*[39m[22m
    [./node_modules/css-loader/index.js?!./node_modules/postcss-loader/src/index.js!./node_modules/ui-select/dist/select.css] [1m./node_modules/css-loader??ref--7-1!./node_modules/postcss-loader/src!./node_modules/ui-select/dist/select.css[39m[22m 9.33 KiB {[1m[33mmini-css-extract-plugin[39m[22m}[1m[32m [built][39m[22m
    [[1m./node_modules/css-loader/lib/css-base.js[39m[22m] 2.21 KiB {[1m[33mmini-css-extract-plugin[39m[22m}[1m[32m [built][39m[22m
Child [1mmini-css-extract-plugin node_modules/css-loader/index.js??ref--7-1!node_modules/postcss-loader/src/index.js!node_modules/xterm/dist/xterm.css[39m[22m:
    Entrypoint [1mmini-css-extract-plugin[39m[22m = [1m[32m*[39m[22m
    [./node_modules/css-loader/index.js?!./node_modules/postcss-loader/src/index.js!./node_modules/xterm/dist/xterm.css] [1m./node_modules/css-loader??ref--7-1!./node_modules/postcss-loader/src!./node_modules/xterm/dist/xterm.css[39m[22m 4.35 KiB {[1m[33mmini-css-extract-plugin[39m[22m}[1m[32m [built][39m[22m
    [[1m./node_modules/css-loader/lib/css-base.js[39m[22m] 2.21 KiB {[1m[33mmini-css-extract-plugin[39m[22m}[1m[32m [built][39m[22m
